2026-05-28T11:48:07.043339Z	Cloning repository...
2026-05-28T11:48:07.949737Z	From https://github.com/ysiu555-alt/Landing
2026-05-28T11:48:07.95006Z	 * branch            cd7276c3c615543b5be9c4116984f77dbc20a8f7 -> FETCH_HEAD
2026-05-28T11:48:07.950116Z	
2026-05-28T11:48:07.972631Z	HEAD is now at cd7276c Add files via upload
2026-05-28T11:48:07.97287Z	
2026-05-28T11:48:08.014182Z	
2026-05-28T11:48:08.014494Z	Using v2 root directory strategy
2026-05-28T11:48:08.02615Z	Success: Finished cloning repository files
2026-05-28T11:48:09.950867Z	Checking for configuration in a Wrangler configuration file (BETA)
2026-05-28T11:48:09.951258Z	
2026-05-28T11:48:11.054658Z	No Wrangler configuration file found. Continuing.
2026-05-28T11:48:11.274133Z	Detected the following tools from environment: npm@10.9.2, pnpm@10.11.1, nodejs@22.16.0
2026-05-28T11:48:12.144647Z	Installing project dependencies: pnpm install
2026-05-28T11:48:12.678774Z	Lockfile is up to date, resolution step is skipped
2026-05-28T11:48:12.705284Z	Progress: resolved 1, reused 0, downloaded 0, added 0
2026-05-28T11:48:12.743482Z	Packages: +195
2026-05-28T11:48:12.74529Z	++++++++++++++++++++++++++++++++++++++++++++++++++++++++++++++++++++++++++++++++
2026-05-28T11:48:13.70546Z	Progress: resolved 195, reused 0, downloaded 151, added 138
2026-05-28T11:48:14.707211Z	Progress: resolved 195, reused 0, downloaded 183, added 152
2026-05-28T11:48:15.707473Z	Progress: resolved 195, reused 0, downloaded 193, added 193
2026-05-28T11:48:16.708234Z	Progress: resolved 195, reused 0, downloaded 195, added 194
2026-05-28T11:48:16.843663Z	Progress: resolved 195, reused 0, downloaded 195, added 195, done
2026-05-28T11:48:17.047429Z	
2026-05-28T11:48:17.047719Z	dependencies:
2026-05-28T11:48:17.047801Z	+ @hookform/resolvers 3.10.0
2026-05-28T11:48:17.047849Z	+ @radix-ui/react-accordion 1.2.12
2026-05-28T11:48:17.047898Z	+ @radix-ui/react-alert-dialog 1.1.15
2026-05-28T11:48:17.047947Z	+ @radix-ui/react-aspect-ratio 1.1.8
2026-05-28T11:48:17.047987Z	+ @radix-ui/react-avatar 1.1.11
2026-05-28T11:48:17.048038Z	+ @radix-ui/react-checkbox 1.3.3
2026-05-28T11:48:17.048085Z	+ @radix-ui/react-collapsible 1.1.12
2026-05-28T11:48:17.048119Z	+ @radix-ui/react-context-menu 2.2.16
2026-05-28T11:48:17.048147Z	+ @radix-ui/react-dialog 1.1.15
2026-05-28T11:48:17.048176Z	+ @radix-ui/react-dropdown-menu 2.1.16
2026-05-28T11:48:17.048205Z	+ @radix-ui/react-hover-card 1.1.15
2026-05-28T11:48:17.048237Z	+ @radix-ui/react-label 2.1.8
2026-05-28T11:48:17.048267Z	+ @radix-ui/react-menubar 1.1.16
2026-05-28T11:48:17.048295Z	+ @radix-ui/react-navigation-menu 1.2.14
2026-05-28T11:48:17.048324Z	+ @radix-ui/react-popover 1.1.15
2026-05-28T11:48:17.048359Z	+ @radix-ui/react-progress 1.1.8
2026-05-28T11:48:17.04839Z	+ @radix-ui/react-radio-group 1.3.8
2026-05-28T11:48:17.048423Z	+ @radix-ui/react-scroll-area 1.2.10
2026-05-28T11:48:17.048453Z	+ @radix-ui/react-select 2.2.6
2026-05-28T11:48:17.04849Z	+ @radix-ui/react-separator 1.1.8
2026-05-28T11:48:17.048527Z	+ @radix-ui/react-slider 1.3.6
2026-05-28T11:48:17.048564Z	+ @radix-ui/react-slot 1.2.4
2026-05-28T11:48:17.0486Z	+ @radix-ui/react-switch 1.2.6
2026-05-28T11:48:17.048685Z	+ @radix-ui/react-tabs 1.1.13
2026-05-28T11:48:17.04876Z	+ @radix-ui/react-toast 1.2.15
2026-05-28T11:48:17.048807Z	+ @radix-ui/react-toggle 1.1.10
2026-05-28T11:48:17.048862Z	+ @radix-ui/react-toggle-group 1.1.11
2026-05-28T11:48:17.048912Z	+ @radix-ui/react-tooltip 1.2.8
2026-05-28T11:48:17.048964Z	+ @vercel/analytics 1.6.1
2026-05-28T11:48:17.049118Z	+ autoprefixer 10.4.24
2026-05-28T11:48:17.049362Z	+ class-variance-authority 0.7.1
2026-05-28T11:48:17.049603Z	+ clsx 2.1.1
2026-05-28T11:48:17.050014Z	+ cmdk 1.1.1
2026-05-28T11:48:17.05036Z	+ date-fns 4.1.0
2026-05-28T11:48:17.050863Z	+ embla-carousel-react 8.6.0
2026-05-28T11:48:17.051166Z	+ input-otp 1.4.2
2026-05-28T11:48:17.051519Z	+ lucide-react 0.564.0
2026-05-28T11:48:17.051651Z	+ next 15.1.0
2026-05-28T11:48:17.051796Z	+ next-themes 0.4.6
2026-05-28T11:48:17.051922Z	+ react 19.2.4
2026-05-28T11:48:17.052047Z	+ react-day-picker 9.13.2
2026-05-28T11:48:17.05218Z	+ react-dom 19.2.4
2026-05-28T11:48:17.052298Z	+ react-hook-form 7.71.1
2026-05-28T11:48:17.05241Z	+ react-resizable-panels 2.1.9
2026-05-28T11:48:17.052469Z	+ recharts 2.15.0
2026-05-28T11:48:17.052506Z	+ sonner 1.7.4
2026-05-28T11:48:17.052536Z	+ tailwind-merge 3.4.0
2026-05-28T11:48:17.052566Z	+ vaul 1.1.2
2026-05-28T11:48:17.052629Z	+ zod 3.25.76
2026-05-28T11:48:17.052673Z	
2026-05-28T11:48:17.052726Z	devDependencies:
2026-05-28T11:48:17.052759Z	+ @tailwindcss/postcss 4.2.0
2026-05-28T11:48:17.052843Z	+ @types/node 22.19.11
2026-05-28T11:48:17.052935Z	+ @types/react 19.2.14
2026-05-28T11:48:17.052989Z	+ @types/react-dom 19.2.3
2026-05-28T11:48:17.053037Z	+ postcss 8.5.6
2026-05-28T11:48:17.053135Z	+ tailwindcss 4.2.0
2026-05-28T11:48:17.053278Z	+ tw-animate-css 1.3.3
2026-05-28T11:48:17.053471Z	+ typescript 5.7.3
2026-05-28T11:48:17.053662Z	
2026-05-28T11:48:17.053829Z	╭ Warning ─────────────────────────────────────────────────────────────────────╮
2026-05-28T11:48:17.05395Z	│                                                                              │
2026-05-28T11:48:17.054006Z	│   Ignored build scripts: sharp.                                              │
2026-05-28T11:48:17.054185Z	│   Run "pnpm approve-builds" to pick which dependencies should be allowed     │
2026-05-28T11:48:17.054248Z	│   to run scripts.                                                            │
2026-05-28T11:48:17.054288Z	│                                                                              │
2026-05-28T11:48:17.054332Z	╰──────────────────────────────────────────────────────────────────────────────╯
2026-05-28T11:48:17.0544Z	
2026-05-28T11:48:17.117145Z	Done in 4.7s using pnpm v10.11.1
2026-05-28T11:48:17.178825Z	Executing user command: npx @cloudflare/next-on-pages@1
2026-05-28T11:48:18.9544Z	npm warn exec The following package was not found and will be installed: @cloudflare/next-on-pages@1.13.16
2026-05-28T11:48:31.578785Z	npm warn deprecated path-match@1.2.4: This package is archived and no longer maintained. For support, visit https://github.com/expressjs/express/discussions
2026-05-28T11:48:32.475959Z	npm warn deprecated tar@6.2.1: Old versions of tar are not supported, and contain widely publicized security vulnerabilities, which have been fixed in the current version. Please update. Support for old versions may be purchased (at exorbitant rates) by contacting i@izs.me
2026-05-28T11:48:33.108196Z	npm warn deprecated glob@10.5.0: Old versions of glob are not supported, and contain widely publicized security vulnerabilities, which have been fixed in the current version. Please update. Support for old versions may be purchased (at exorbitant rates) by contacting i@izs.me
2026-05-28T11:48:33.260678Z	npm warn deprecated @cloudflare/next-on-pages@1.13.16: Please use the OpenNext adapter instead: https://opennext.js.org/cloudflare
2026-05-28T11:48:44.648414Z	⚡️ @cloudflare/next-on-pages CLI v.1.13.16
2026-05-28T11:48:46.446846Z	⚡️ Detected Package Manager: npm (10.9.2)
2026-05-28T11:48:46.447208Z	⚡️ Preparing project...
2026-05-28T11:48:46.451249Z	⚡️ Project is ready
2026-05-28T11:48:46.451516Z	⚡️ Building project...
2026-05-28T11:48:47.815474Z	▲  npm warn exec The following package was not found and will be installed: vercel@54.5.1
2026-05-28T11:48:55.767656Z	▲  npm warn deprecated tar@7.5.7: Old versions of tar are not supported, and contain widely publicized security vulnerabilities, which have been fixed in the current version. Please update. Support for old versions may be purchased (at exorbitant rates) by contacting i@izs.me
2026-05-28T11:48:58.369562Z	▲  > NOTE: The Vercel CLI now collects telemetry regarding usage of the CLI.
2026-05-28T11:48:58.369945Z	▲  > This information is used to shape the CLI roadmap and prioritize features.
2026-05-28T11:48:58.370633Z	▲  > You can learn more, including how to opt-out if you'd not like to participate in this program, by visiting the following URL:
2026-05-28T11:48:58.370715Z	▲  > https://vercel.com/docs/cli/about-telemetry
2026-05-28T11:48:58.445998Z	▲  WARNING! Build not running on Vercel. System environment variables will not be available.
2026-05-28T11:48:58.647485Z	▲  Detected `pnpm-lock.yaml` 9 which may be generated by pnpm@9.x or pnpm@10.x
2026-05-28T11:48:58.648191Z	▲  Using pnpm@9.x based on project creation date
2026-05-28T11:48:58.648344Z	▲  To use pnpm@10.x, manually opt in using corepack (https://vercel.com/docs/deployments/configure-a-build#corepack)
2026-05-28T11:48:58.664995Z	▲  Installing dependencies...
2026-05-28T11:48:59.243841Z	▲  Lockfile is up to date, resolution step is skipped
2026-05-28T11:48:59.310436Z	▲  Already up to date
2026-05-28T11:48:59.773597Z	▲  ╭ Warning ─────────────────────────────────────────────────────────────────────╮
2026-05-28T11:48:59.773895Z	▲  │                                                                              │
2026-05-28T11:48:59.773964Z	▲  │   Ignored build scripts: sharp.                                              │
2026-05-28T11:48:59.774029Z	▲  │   Run "pnpm approve-builds" to pick which dependencies should be allowed     │
2026-05-28T11:48:59.774101Z	▲  │   to run scripts.                                                            │
2026-05-28T11:48:59.774137Z	▲  │                                                                              │
2026-05-28T11:48:59.774182Z	▲  ╰──────────────────────────────────────────────────────────────────────────────╯
2026-05-28T11:48:59.810674Z	▲  Done in 1s using pnpm v10.11.1
2026-05-28T11:48:59.825866Z	▲  Detected Next.js version: 15.1.0
2026-05-28T11:48:59.842611Z	▲  Running "pnpm run build"
2026-05-28T11:49:00.349717Z	▲  > my-project@0.1.0 build /opt/buildhome/repo
2026-05-28T11:49:00.35008Z	▲  > next build
2026-05-28T11:49:01.078842Z	▲  Attention: Next.js now collects completely anonymous telemetry regarding usage.
2026-05-28T11:49:01.079814Z	▲  This information is used to shape Next.js' roadmap and prioritize features.
2026-05-28T11:49:01.079951Z	▲  You can learn more, including how to opt-out if you'd not like to participate in this anonymous program, by visiting the following URL:
2026-05-28T11:49:01.080045Z	▲  https://nextjs.org/telemetry
2026-05-28T11:49:01.14086Z	▲  ▲ Next.js 15.1.0
2026-05-28T11:49:01.141218Z	▲  
2026-05-28T11:49:01.210321Z	▲  Creating an optimized production build ...
2026-05-28T11:49:05.383078Z	▲  Failed to compile.
2026-05-28T11:49:05.383497Z	▲  app/layout.tsx
2026-05-28T11:49:05.383657Z	▲  `next/font` error:
2026-05-28T11:49:05.383781Z	▲  Unknown subset `cyrillic` for font `Geist`.
2026-05-28T11:49:05.383887Z	▲  Available subsets: `latin`, `latin-ext`
2026-05-28T11:49:05.383995Z	▲  
2026-05-28T11:49:05.385047Z	▲  app/layout.tsx
2026-05-28T11:49:05.385162Z	▲  `next/font` error:
2026-05-28T11:49:05.385266Z	▲  Unknown subset `cyrillic` for font `Geist Mono`.
2026-05-28T11:49:05.385333Z	▲  Available subsets: `latin`, `latin-ext`
2026-05-28T11:49:05.400459Z	▲  
2026-05-28T11:49:05.400745Z	▲  > Build failed because of webpack errors
2026-05-28T11:49:05.435053Z	▲  ELIFECYCLE  Command failed with exit code 1.
2026-05-28T11:49:05.485395Z	▲  Error: Command "pnpm run build" exited with 1
2026-05-28T11:49:05.715557Z	
2026-05-28T11:49:05.7159Z	⚡️ The Vercel build (`npx vercel build`) command failed. For more details see the Vercel logs above.
2026-05-28T11:49:05.715981Z	⚡️ If you need help solving the issue, refer to the Vercel or Next.js documentation or their repositories.
2026-05-28T11:49:05.716024Z	
2026-05-28T11:49:05.855507Z	Failed: Error while executing user command. Exited with error code: 1
2026-05-28T11:49:05.864444Z	Failed: build command exited with code: 1
2026-05-28T11:49:06.608201Z	Failed: error occurred while running build command